<?xml version="1.0" encoding="UTF-8"?>
<!-- Generated by org.testng.reporters.JUnitReportReporter -->
<testsuite hostname="Gunjans-MacBook-Air.local" failures="0" tests="2" name="GunjanSrivastavaAutomation.Tests.SubmitOrderTest" time="16.891" errors="0" timestamp="2024-01-01T15:55:02 EST" skipped="0">
  <testcase classname="GunjanSrivastavaAutomation.Tests.SubmitOrderTest" name="submitOrder" time="7.886"/>
  <testcase classname="GunjanSrivastavaAutomation.Tests.SubmitOrderTest" name="submitOrder" time="9.005"/>
</testsuite> <!-- GunjanSrivastavaAutomation.Tests.SubmitOrderTest -->
