<?xml version="1.0" encoding="UTF-8"?>
<!-- Generated by org.testng.reporters.JUnitReportReporter -->
<testsuite hostname="Gunjans-MacBook-Air.local" failures="0" tests="1" name="cucumber.TestNGTestRunner" time="9.004" errors="0" timestamp="2024-01-03T13:12:22 EST" skipped="0">
  <testcase classname="cucumber.TestNGTestRunner" name="runScenario" time="9.004"/>
</testsuite> <!-- cucumber.TestNGTestRunner -->
