<?xml version="1.0" encoding="UTF-8"?>
<!-- Generated by org.testng.reporters.JUnitReportReporter -->
<testsuite hostname="Gunjans-MacBook-Air.local" failures="0" tests="2" name="GunjanSrivastavaAutomation.Tests.SubmitOrderTest" time="17.421" errors="0" timestamp="2024-01-03T13:01:24 EST" skipped="0">
  <testcase classname="GunjanSrivastavaAutomation.Tests.SubmitOrderTest" name="submitOrder" time="9.073"/>
  <testcase classname="GunjanSrivastavaAutomation.Tests.SubmitOrderTest" name="submitOrder" time="8.348"/>
</testsuite> <!-- GunjanSrivastavaAutomation.Tests.SubmitOrderTest -->
